[debug] [2025-10-31T21:44:31.269Z] ----------------------------------------------------------------------
[debug] [2025-10-31T21:44:31.271Z] Command:       /opt/homebrew/Cellar/node@22/22.11.0/bin/node /opt/homebrew/bin/firebase init
[debug] [2025-10-31T21:44:31.271Z] CLI Version:   14.23.0
[debug] [2025-10-31T21:44:31.271Z] Platform:      darwin
[debug] [2025-10-31T21:44:31.271Z] Node Version:  v22.11.0
[debug] [2025-10-31T21:44:31.271Z] Time:          Fri Oct 31 2025 17:44:31 GMT-0400 (Eastern Daylight Time)
[debug] [2025-10-31T21:44:31.272Z] ----------------------------------------------------------------------
[debug] 
[info] 
     ######## #### ########  ######## ########     ###     ######  ########
     ##        ##  ##     ## ##       ##     ##  ##   ##  ##       ##
     ######    ##  ########  ######   ########  #########  ######  ######
     ##        ##  ##    ##  ##       ##     ## ##     ##       ## ##
     ##       #### ##     ## ######## ########  ##     ##  ######  ########

You're about to initialize a Firebase project in this directory:

  /Users/neerav/Desktop/Neerav Gupta/Team-2554-Website_Redesign

[info] 
=== Project Setup
[info] 
[info] First, let's associate this project directory with a Firebase project.
[info] You can create multiple project aliases by running firebase use --add, 
[info] 
[debug] [2025-10-31T21:45:44.979Z] > command requires scopes: ["email","openid","https://www.googleapis.com/auth/cloudplatformprojects.readonly","https://www.googleapis.com/auth/firebase","https://www.googleapis.com/auth/cloud-platform"]
[debug] [2025-10-31T21:45:44.979Z] > authorizing via signed-in user (mail4neerav@gmail.com)
[debug] [2025-10-31T21:45:44.980Z] Checked if tokens are valid: true, expires at: 1761950661905
[debug] [2025-10-31T21:45:44.980Z] Checked if tokens are valid: true, expires at: 1761950661905
[debug] [2025-10-31T21:45:44.981Z] >>> [apiv2][query] GET https://firebase.googleapis.com/v1beta1/projects pageSize=100
[debug] [2025-10-31T21:45:45.328Z] <<< [apiv2][status] GET https://firebase.googleapis.com/v1beta1/projects 200
[debug] [2025-10-31T21:45:45.329Z] <<< [apiv2][body] GET https://firebase.googleapis.com/v1beta1/projects [omitted]
[info] 
=== Hosting Setup
[debug] [2025-10-31T21:45:48.993Z] Checked if tokens are valid: true, expires at: 1761950661905
[debug] [2025-10-31T21:45:48.993Z] Checked if tokens are valid: true, expires at: 1761950661905
[debug] [2025-10-31T21:45:48.993Z] >>> [apiv2][query] GET https://firebase.googleapis.com/v1beta1/projects/test-project-b1591 [none]
[debug] [2025-10-31T21:45:49.188Z] <<< [apiv2][status] GET https://firebase.googleapis.com/v1beta1/projects/test-project-b1591 200
[debug] [2025-10-31T21:45:49.189Z] <<< [apiv2][body] GET https://firebase.googleapis.com/v1beta1/projects/test-project-b1591 {"projectId":"test-project-b1591","projectNumber":"38403877168","displayName":"JPS Robotics Website","name":"projects/test-project-b1591","resources":{"hostingSite":"test-project-b1591","realtimeDatabaseInstance":"test-project-b1591"},"state":"ACTIVE","etag":"1_2676ce7f-6d7c-4a86-a55c-5f0d41f93adb"}
[info] 
[info] Your public directory is the folder (relative to your project directory) that
[info] will contain Hosting assets to be uploaded with firebase deploy. If you
[info] have a build process for your assets, use your build's output directory.
[info] 
[debug] [2025-10-31T21:46:33.435Z] ExitPromptError: User force closed the prompt with SIGINT
    at Interface.sigint (/opt/homebrew/lib/node_modules/firebase-tools/node_modules/@inquirer/core/dist/commonjs/lib/create-prompt.js:101:37)
    at Interface.emit (node:events:518:28)
    at Interface.emit (node:domain:489:12)
    at [_ttyWrite] [as _ttyWrite] (node:internal/readline/interface:1124:18)
    at ReadStream.onkeypress (node:internal/readline/interface:263:20)
    at ReadStream.emit (node:events:530:35)
    at ReadStream.emit (node:domain:489:12)
    at emitKeys (node:internal/readline/utils:370:14)
    at emitKeys.next (<anonymous>)
    at ReadStream.onData (node:internal/readline/emitKeypressEvents:64:36)
[error] 
[error] Error: An unexpected error has occurred.
[debug] [2025-10-31T21:46:41.760Z] ----------------------------------------------------------------------
[debug] [2025-10-31T21:46:41.761Z] Command:       /opt/homebrew/Cellar/node@22/22.11.0/bin/node /opt/homebrew/bin/firebase init
[debug] [2025-10-31T21:46:41.762Z] CLI Version:   14.23.0
[debug] [2025-10-31T21:46:41.762Z] Platform:      darwin
[debug] [2025-10-31T21:46:41.762Z] Node Version:  v22.11.0
[debug] [2025-10-31T21:46:41.762Z] Time:          Fri Oct 31 2025 17:46:41 GMT-0400 (Eastern Daylight Time)
[debug] [2025-10-31T21:46:41.762Z] ----------------------------------------------------------------------
[debug] 
[info] 
     ######## #### ########  ######## ########     ###     ######  ########
     ##        ##  ##     ## ##       ##     ##  ##   ##  ##       ##
     ######    ##  ########  ######   ########  #########  ######  ######
     ##        ##  ##    ##  ##       ##     ## ##     ##       ## ##
     ##       #### ##     ## ######## ########  ##     ##  ######  ########

You're about to initialize a Firebase project in this directory:

  /Users/neerav/Desktop/Neerav Gupta/Team-2554-Website_Redesign

[info] 
=== Project Setup
[info] 
[info] First, let's associate this project directory with a Firebase project.
[info] You can create multiple project aliases by running firebase use --add, 
[info] 
[debug] [2025-10-31T21:46:48.078Z] > command requires scopes: ["email","openid","https://www.googleapis.com/auth/cloudplatformprojects.readonly","https://www.googleapis.com/auth/firebase","https://www.googleapis.com/auth/cloud-platform"]
[debug] [2025-10-31T21:46:48.079Z] > authorizing via signed-in user (mail4neerav@gmail.com)
[debug] [2025-10-31T21:46:48.079Z] Checked if tokens are valid: true, expires at: 1761950661905
[debug] [2025-10-31T21:46:48.079Z] Checked if tokens are valid: true, expires at: 1761950661905
[debug] [2025-10-31T21:46:48.080Z] >>> [apiv2][query] GET https://firebase.googleapis.com/v1beta1/projects/test-project-b1591 [none]
[debug] [2025-10-31T21:46:48.364Z] <<< [apiv2][status] GET https://firebase.googleapis.com/v1beta1/projects/test-project-b1591 200
[debug] [2025-10-31T21:46:48.364Z] <<< [apiv2][body] GET https://firebase.googleapis.com/v1beta1/projects/test-project-b1591 {"projectId":"test-project-b1591","projectNumber":"38403877168","displayName":"JPS Robotics Website","name":"projects/test-project-b1591","resources":{"hostingSite":"test-project-b1591","realtimeDatabaseInstance":"test-project-b1591"},"state":"ACTIVE","etag":"1_2676ce7f-6d7c-4a86-a55c-5f0d41f93adb"}
[info] i  Using project test-project-b1591 (JPS Robotics Website) . 
[info] 
=== Hosting Setup
[debug] [2025-10-31T21:46:48.371Z] Checked if tokens are valid: true, expires at: 1761950661905
[debug] [2025-10-31T21:46:48.371Z] Checked if tokens are valid: true, expires at: 1761950661905
[debug] [2025-10-31T21:46:48.371Z] >>> [apiv2][query] GET https://firebase.googleapis.com/v1beta1/projects/test-project-b1591 [none]
[debug] [2025-10-31T21:46:48.581Z] <<< [apiv2][status] GET https://firebase.googleapis.com/v1beta1/projects/test-project-b1591 200
[debug] [2025-10-31T21:46:48.581Z] <<< [apiv2][body] GET https://firebase.googleapis.com/v1beta1/projects/test-project-b1591 {"projectId":"test-project-b1591","projectNumber":"38403877168","displayName":"JPS Robotics Website","name":"projects/test-project-b1591","resources":{"hostingSite":"test-project-b1591","realtimeDatabaseInstance":"test-project-b1591"},"state":"ACTIVE","etag":"1_2676ce7f-6d7c-4a86-a55c-5f0d41f93adb"}
[info] 
[info] Your public directory is the folder (relative to your project directory) that
[info] will contain Hosting assets to be uploaded with firebase deploy. If you
[info] have a build process for your assets, use your build's output directory.
[info] 
[debug] [2025-10-31T21:48:23.869Z] ExitPromptError: User force closed the prompt with SIGINT
    at Interface.sigint (/opt/homebrew/lib/node_modules/firebase-tools/node_modules/@inquirer/core/dist/commonjs/lib/create-prompt.js:101:37)
    at Interface.emit (node:events:518:28)
    at Interface.emit (node:domain:489:12)
    at [_ttyWrite] [as _ttyWrite] (node:internal/readline/interface:1124:18)
    at ReadStream.onkeypress (node:internal/readline/interface:263:20)
    at ReadStream.emit (node:events:530:35)
    at ReadStream.emit (node:domain:489:12)
    at emitKeys (node:internal/readline/utils:370:14)
    at emitKeys.next (<anonymous>)
    at ReadStream.onData (node:internal/readline/emitKeypressEvents:64:36)
[error] 
[error] Error: An unexpected error has occurred.
